mode: set
/home/mayouka/holbertonschool-validation/module2_task2/main.go:13.13,15.43 2 0
/home/mayouka/holbertonschool-validation/module2_task2/main.go:18.2,21.57 2 0
/home/mayouka/holbertonschool-validation/module2_task2/main.go:15.43,17.3 1 0
/home/mayouka/holbertonschool-validation/module2_task2/main.go:24.32,32.2 3 0
/home/mayouka/holbertonschool-validation/module2_task2/main.go:34.65,42.2 2 0
/home/mayouka/holbertonschool-validation/module2_task2/main.go:44.59,52.25 4 1
/home/mayouka/holbertonschool-validation/module2_task2/main.go:62.2,62.16 1 1
/home/mayouka/holbertonschool-validation/module2_task2/main.go:68.2,71.56 2 1
/home/mayouka/holbertonschool-validation/module2_task2/main.go:53.12,55.18 1 1
/home/mayouka/holbertonschool-validation/module2_task2/main.go:56.13,58.24 1 1
/home/mayouka/holbertonschool-validation/module2_task2/main.go:62.16,65.3 2 1
